d:\development\projects\software\c++\dynamic flight route optimizer\dynamic .52398cb2\x64\release\vc143.pdb
d:\development\projects\software\c++\dynamic flight route optimizer\dynamic .52398cb2\x64\release\moc_window.obj
d:\development\projects\software\c++\dynamic flight route optimizer\dynamic .52398cb2\x64\release\qt\uic\ui_window.h
d:\development\projects\software\c++\dynamic flight route optimizer\dynamic .52398cb2\x64\release\qt\rcc\qrc_window.cpp
d:\development\projects\software\c++\dynamic flight route optimizer\dynamic .52398cb2\x64\release\qt\moc\moc_window.cpp
d:\development\projects\software\c++\dynamic flight route optimizer\dynamic .52398cb2\x64\release\qt\moc\main.moc
d:\development\projects\software\c++\dynamic flight route optimizer\x64\release\dynamic flight route optimizer.exe
d:\development\projects\software\c++\dynamic flight route optimizer\dynamic .52398cb2\x64\release\dynamic flight route optimizer.ipdb
d:\development\projects\software\c++\dynamic flight route optimizer\dynamic .52398cb2\x64\release\dynamic flight route optimizer.iobj
d:\development\projects\software\c++\dynamic flight route optimizer\dynamic .52398cb2\x64\release\main.obj
d:\development\projects\software\c++\dynamic flight route optimizer\dynamic .52398cb2\x64\release\qrc_window.obj
d:\development\projects\software\c++\dynamic flight route optimizer\dynamic .52398cb2\x64\release\window.obj
d:\development\projects\software\c++\dynamic flight route optimizer\dynamic .52398cb2\x64\release\dynamic .52398cb2.tlog\cl.command.1.tlog
d:\development\projects\software\c++\dynamic flight route optimizer\dynamic .52398cb2\x64\release\dynamic .52398cb2.tlog\cl.items.tlog
d:\development\projects\software\c++\dynamic flight route optimizer\dynamic .52398cb2\x64\release\dynamic .52398cb2.tlog\cl.read.1.tlog
d:\development\projects\software\c++\dynamic flight route optimizer\dynamic .52398cb2\x64\release\dynamic .52398cb2.tlog\cl.write.1.tlog
d:\development\projects\software\c++\dynamic flight route optimizer\dynamic .52398cb2\x64\release\dynamic .52398cb2.tlog\dynamic flight route optimizer.write.1u.tlog
d:\development\projects\software\c++\dynamic flight route optimizer\dynamic .52398cb2\x64\release\dynamic .52398cb2.tlog\link.command.1.tlog
d:\development\projects\software\c++\dynamic flight route optimizer\dynamic .52398cb2\x64\release\dynamic .52398cb2.tlog\link.read.1.tlog
d:\development\projects\software\c++\dynamic flight route optimizer\dynamic .52398cb2\x64\release\dynamic .52398cb2.tlog\link.secondary.1.tlog
d:\development\projects\software\c++\dynamic flight route optimizer\dynamic .52398cb2\x64\release\dynamic .52398cb2.tlog\link.write.1.tlog
d:\development\projects\software\c++\dynamic flight route optimizer\dynamic .52398cb2\x64\release\dynamic .52398cb2.tlog\moc.read.1u.tlog
d:\development\projects\software\c++\dynamic flight route optimizer\dynamic .52398cb2\x64\release\dynamic .52398cb2.tlog\moc.write.1u.tlog
d:\development\projects\software\c++\dynamic flight route optimizer\dynamic .52398cb2\x64\release\dynamic .52398cb2.tlog\uic.read.1u.tlog
d:\development\projects\software\c++\dynamic flight route optimizer\dynamic .52398cb2\x64\release\dynamic .52398cb2.tlog\uic.write.1u.tlog
